<?xml version="1.0" encoding="UTF-8"?>
<testng-results skipped="0" failed="0" ignored="0" total="1" passed="1">
  <reporter-output>
  </reporter-output>
  <suite name="Default suite" duration-ms="4903" started-at="2018-04-30T14:45:52Z" finished-at="2018-04-30T14:45:57Z">
    <groups>
    </groups>
    <test name="Default test" duration-ms="4903" started-at="2018-04-30T14:45:52Z" finished-at="2018-04-30T14:45:57Z">
      <class name="find">
        <test-method status="PASS" signature="streakIncrement()[pri:0, instance:find@28feb3fa]" name="streakIncrement" duration-ms="4860" started-at="2018-04-30T10:45:52Z" finished-at="2018-04-30T10:45:57Z">
          <reporter-output>
          </reporter-output>
        </test-method> <!-- streakIncrement -->
      </class> <!-- find -->
    </test> <!-- Default test -->
  </suite> <!-- Default suite -->
</testng-results>
