<?xml version="1.0" encoding="UTF-8"?>
<testng-results skipped="0" failed="0" ignored="0" total="1" passed="1">
  <reporter-output>
  </reporter-output>
  <suite name="Default suite" duration-ms="6607" started-at="2018-04-30T18:41:24Z" finished-at="2018-04-30T18:41:31Z">
    <groups>
    </groups>
    <test name="Default test" duration-ms="6607" started-at="2018-04-30T18:41:24Z" finished-at="2018-04-30T18:41:31Z">
      <class name="VerifyStreakIncrement">
        <test-method status="PASS" signature="streakIncrement()[pri:0, instance:VerifyStreakIncrement@28feb3fa]" name="streakIncrement" duration-ms="6558" started-at="2018-04-30T14:41:24Z" finished-at="2018-04-30T14:41:31Z">
          <reporter-output>
          </reporter-output>
        </test-method> <!-- streakIncrement -->
      </class> <!-- VerifyStreakIncrement -->
    </test> <!-- Default test -->
  </suite> <!-- Default suite -->
</testng-results>
